{"D:\\CODING\\Web Development\\Project\\NodeJS\\NodeJS-Fundamental\\0001 - Jest Testing\\index.js": {"path":"D:\\CODING\\Web Development\\Project\\NodeJS\\NodeJS-Fundamental\\0001 - Jest Testing\\index.js","statementMap":{"0":{"start":{"line":1,"column":17},"end":{"line":7,"column":1}},"1":{"start":{"line":2,"column":2},"end":{"line":2,"column":54}},"2":{"start":{"line":2,"column":28},"end":{"line":2,"column":52}},"3":{"start":{"line":3,"column":2},"end":{"line":3,"column":57}},"4":{"start":{"line":3,"column":18},"end":{"line":3,"column":57}},"5":{"start":{"line":5,"column":19},"end":{"line":5,"column":68}},"6":{"start":{"line":5,"column":54},"end":{"line":5,"column":67}},"7":{"start":{"line":6,"column":2},"end":{"line":6,"column":37}},"8":{"start":{"line":8,"column":0},"end":{"line":8,"column":26}}},"fnMap":{"0":{"name":"(anonymous_0)","decl":{"start":{"line":1,"column":17},"end":{"line":1,"column":18}},"loc":{"start":{"line":1,"column":32},"end":{"line":7,"column":1}},"line":1},"1":{"name":"(anonymous_1)","decl":{"start":{"line":2,"column":18},"end":{"line":2,"column":19}},"loc":{"start":{"line":2,"column":28},"end":{"line":2,"column":52}},"line":2},"2":{"name":"(anonymous_2)","decl":{"start":{"line":5,"column":36},"end":{"line":5,"column":37}},"loc":{"start":{"line":5,"column":54},"end":{"line":5,"column":67}},"line":5}},"branchMap":{"0":{"loc":{"start":{"line":3,"column":2},"end":{"line":3,"column":57}},"type":"if","locations":[{"start":{"line":3,"column":2},"end":{"line":3,"column":57}},{"start":{"line":3,"column":2},"end":{"line":3,"column":57}}],"line":3}},"s":{"0":1,"1":1,"2":5,"3":1,"4":0,"5":1,"6":4,"7":1,"8":1},"f":{"0":1,"1":5,"2":4},"b":{"0":[0,1]},"_coverageSchema":"1a1c01bbd47fc00a2c39e90264f33305004495a9","hash":"c5ca81c055a636216871e1ce272a5cb6133cc007"}
}
